Arguments: 
  /usr/local/bin/node /opt/homebrew/Cellar/yarn/1.22.17/libexec/bin/yarn.js

PATH: 
  /opt/homebrew/bin:/opt/homebrew/sbin:/usr/local/bin:/usr/bin:/bin:/usr/sbin:/sbin:/Library/Apple/usr/bin

Yarn version: 
  1.22.17

Node version: 
  14.18.1

Platform: 
  darwin x64

Trace: 
  Error: connect ECONNREFUSED 0.0.0.0:443
      at TCPConnectWrap.afterConnect [as oncomplete] (net.js:1159:16)

npm manifest: 
  {
    "name": "hardhat-tutorial",
    "version": "1.0.0",
    "description": "",
    "main": "index.js",
    "scripts": {
      "test": "echo \"Error: no test specified\" && exit 1"
    },
    "keywords": [],
    "author": "",
    "license": "ISC",
    "devDependencies": {
      "@boringcrypto/boring-solidity": "github:boringcrypto/BoringSolidity#e06e943",
      "@liuxingfeiyu/zoo-sdk": "^1.0.8",
      "@nomiclabs/hardhat-ethers": "^2.0.0",
      "@nomiclabs/hardhat-etherscan": "^2.1.3",
      "@nomiclabs/hardhat-solhint": "^2.0.0",
      "@nomiclabs/hardhat-waffle": "^2.0.0",
      "@openzeppelin/contracts": "^3.1.0",
      "@tenderly/hardhat-tenderly": "^1.0.0",
      "@typechain/ethers-v5": "^7.0.1",
      "@typechain/hardhat": "^2.3.0",
      "@types/chai": "^4.2.21",
      "@types/mocha": "^9.0.0",
      "@types/node": "^12.0.0",
      "@typescript-eslint/eslint-plugin": "^4.29.1",
      "@typescript-eslint/parser": "^4.29.1",
      "@uniswap/v2-core": "git://github.com/uniswap/uniswap-v2-core.git#27f6354bae6685612c182c3bc7577e61bc8717e3",
      "chai": "^4.2.0",
      "cross-env": "^7.0.0",
      "dotenv": "^10.0.0",
      "eslint": "^7.29.0",
      "eslint-config-prettier": "^8.3.0",
      "eslint-config-standard": "^16.0.3",
      "eslint-plugin-import": "^2.23.4",
      "eslint-plugin-node": "^11.1.0",
      "eslint-plugin-prettier": "^3.4.0",
      "eslint-plugin-promise": "^5.1.0",
      "ethereum-waffle": "^3.0.0",
      "ethers": "^5.0.0",
      "hardhat": "^2.8.2",
      "hardhat-abi-exporter": "^2.0.8",
      "hardhat-deploy": "^0.7.0-beta.44",
      "hardhat-deploy-ethers": "^0.3.0-beta.7",
      "hardhat-gas-reporter": "^1.0.4",
      "hardhat-preprocessor": "^0.1.0",
      "hardhat-spdx-license-identifier": "^2.0.0",
      "hardhat-typechain": "^0.3.5",
      "hardhat-watcher": "^2.0.0",
      "prettier": "^2.3.2",
      "prettier-plugin-solidity": "^1.0.0-beta.13",
      "solhint": "^3.3.6",
      "solidity-coverage": "^0.7.16",
      "ts-generator": "^0.1.1",
      "ts-node": "^10.1.0",
      "typechain": "^5.1.2",
      "typescript": "^4.5.2"
    },
    "dependencies": {
      "@nomiclabs/buidler": "^1.4.8"
    }
  }

yarn manifest: 
  No manifest

Lockfile: 
  No lockfile
